<?xml version="1.0" encoding="UTF-8"?>
<Site BuildName="Linux-g++"
	BuildStamp="20260502-0858-Experimental"
	Name="LAPTOP-I1CF393A"
	Generator="ctest-3.28.3"
	CompilerName="/usr/bin/g++"
	CompilerVersion="13.3.0"
	OSName="Linux"
	Hostname="LAPTOP-I1CF393A"
	OSRelease="6.6.87.2-microsoft-standard-WSL2"
	OSVersion="#1 SMP PREEMPT_DYNAMIC Thu Jun  5 18:30:46 UTC 2025"
	OSPlatform="x86_64"
	Is64Bits="1"
	VendorString="GenuineIntel"
	VendorID="Intel Corporation"
	FamilyID="6"
	ModelID="154"
	ProcessorCacheSize="12288"
	NumberOfLogicalCPU="12"
	NumberOfPhysicalCPU="6"
	TotalVirtualMemory="2048"
	TotalPhysicalMemory="7777"
	LogicalProcessorsPerPhysical="2"
	ProcessorClockFrequency="2611.21"
	>
	<Testing>
		<StartDateTime>May 02 11:29 CEST</StartDateTime>
		<StartTestTime>1777714155</StartTestTime>
		<TestList/>
		<EndDateTime>May 02 11:29 CEST</EndDateTime>
		<EndTestTime>1777714155</EndTestTime>
		<ElapsedMinutes>0</ElapsedMinutes>
	</Testing>
</Site>
