<?xml version="1.0" encoding="UTF-8"?>
<Site BuildName="Linux-g++"
	BuildStamp="20260226-1045-Experimental"
	Name="LAPTOP-I1CF393A"
	Generator="ctest-4.2.3"
	CompilerName="/usr/bin/g++"
	CompilerVersion="13.3.0"
	OSName="Linux"
	Hostname="LAPTOP-I1CF393A"
	OSRelease="6.6.87.2-microsoft-standard-WSL2"
	OSVersion="#1 SMP PREEMPT_DYNAMIC Thu Jun  5 18:30:46 UTC 2025"
	OSPlatform="x86_64"
	Is64Bits="1"
	VendorString="GenuineIntel"
	VendorID="Intel Corporation"
	FamilyID="6"
	ModelID="154"
	ModelName="12th Gen Intel(R) Core(TM) i7-1255U"
	ProcessorCacheSize="12288"
	NumberOfLogicalCPU="12"
	NumberOfPhysicalCPU="6"
	TotalVirtualMemory="2048"
	TotalPhysicalMemory="7777"
	LogicalProcessorsPerPhysical="2"
	ProcessorClockFrequency="2611.21"
	>
	<Testing>
		<StartDateTime>Feb 26 11:58 CET</StartDateTime>
		<StartTestTime>1772103539</StartTestTime>
		<TestList/>
		<EndDateTime>Feb 26 11:58 CET</EndDateTime>
		<EndTestTime>1772103539</EndTestTime>
		<ElapsedMinutes>0</ElapsedMinutes>
	</Testing>
</Site>
